time="2022-01-26 14:45:24" level=info Agent="Mozilla/5.0 (Windows NT 10.0; Win64; x64) AppleWebKit/537.36 (KHTML, like Gecko) Chrome/97.0.4692.99 Safari/537.36" DataSize=998 HostName=LAPTOP-QBGCU5AD Ip="::1" Method=GET Path=/admin SpendTime="1 ms" status=200
time="2022-01-26 14:45:24" level=info Agent="Mozilla/5.0 (Windows NT 10.0; Win64; x64) AppleWebKit/537.36 (KHTML, like Gecko) Chrome/97.0.4692.99 Safari/537.36" DataSize=273859 HostName=LAPTOP-QBGCU5AD Ip="::1" Method=GET Path=/admin/static/css/chunk-vendors.34cdb930.css SpendTime="98 ms" status=200
time="2022-01-26 14:45:24" level=info Agent="Mozilla/5.0 (Windows NT 10.0; Win64; x64) AppleWebKit/537.36 (KHTML, like Gecko) Chrome/97.0.4692.99 Safari/537.36" DataSize=58747 HostName=LAPTOP-QBGCU5AD Ip="::1" Method=GET Path=/admin/static/css/app.5796e1e8.css SpendTime="99 ms" status=200
time="2022-01-26 14:45:24" level=info Agent="Mozilla/5.0 (Windows NT 10.0; Win64; x64) AppleWebKit/537.36 (KHTML, like Gecko) Chrome/97.0.4692.99 Safari/537.36" DataSize=1574667 HostName=LAPTOP-QBGCU5AD Ip="::1" Method=GET Path=/admin/static/js/chunk-vendors.42f5fa21.js SpendTime="98 ms" status=200
time="2022-01-26 14:45:24" level=info Agent="Mozilla/5.0 (Windows NT 10.0; Win64; x64) AppleWebKit/537.36 (KHTML, like Gecko) Chrome/97.0.4692.99 Safari/537.36" DataSize=1028494 HostName=LAPTOP-QBGCU5AD Ip="::1" Method=GET Path=/admin/static/js/app.af17ae1c.js SpendTime="97 ms" status=200
time="2022-01-26 14:45:24" level=info Agent="Mozilla/5.0 (Windows NT 10.0; Win64; x64) AppleWebKit/537.36 (KHTML, like Gecko) Chrome/97.0.4692.99 Safari/537.36" DataSize=4286 HostName=LAPTOP-QBGCU5AD Ip="::1" Method=GET Path=/admin/favicon.ico SpendTime="4 ms" status=200
time="2022-01-26 14:45:33" level=info Agent="Mozilla/5.0 (Windows NT 10.0; Win64; x64) AppleWebKit/537.36 (KHTML, like Gecko) Chrome/97.0.4692.99 Safari/537.36" DataSize=190 HostName=LAPTOP-QBGCU5AD Ip="::1" Method=POST Path=/api/v1/login SpendTime="55 ms" status=200
time="2022-01-26 14:45:37" level=info Agent="Mozilla/5.0 (Windows NT 10.0; Win64; x64) AppleWebKit/537.36 (KHTML, like Gecko) Chrome/97.0.4692.99 Safari/537.36" DataSize=189 HostName=LAPTOP-QBGCU5AD Ip="::1" Method=GET Path=/api/v1/category SpendTime="9 ms" status=200
time="2022-01-26 14:45:37" level=info Agent="Mozilla/5.0 (Windows NT 10.0; Win64; x64) AppleWebKit/537.36 (KHTML, like Gecko) Chrome/97.0.4692.99 Safari/537.36" DataSize=27507 HostName=LAPTOP-QBGCU5AD Ip="::1" Method=POST Path=/api/v1/articles SpendTime="15 ms" status=200
time="2022-01-26 14:45:38" level=warning Agent="Mozilla/5.0 (Windows NT 10.0; Win64; x64) AppleWebKit/537.36 (KHTML, like Gecko) Chrome/97.0.4692.99 Safari/537.36" DataSize=0 HostName=LAPTOP-QBGCU5AD Ip="::1" Method=GET Path=/admin/static/js/skins/ui/oxide/skin.min.css SpendTime="1 ms" status=404
time="2022-01-26 14:45:38" level=warning Agent="Mozilla/5.0 (Windows NT 10.0; Win64; x64) AppleWebKit/537.36 (KHTML, like Gecko) Chrome/97.0.4692.99 Safari/537.36" DataSize=0 HostName=LAPTOP-QBGCU5AD Ip="::1" Method=GET Path=/admin/static/js/skins/content/default/content.css SpendTime="0 ms" status=404
time="2022-01-26 14:45:38" level=warning Agent="Mozilla/5.0 (Windows NT 10.0; Win64; x64) AppleWebKit/537.36 (KHTML, like Gecko) Chrome/97.0.4692.99 Safari/537.36" DataSize=0 HostName=LAPTOP-QBGCU5AD Ip="::1" Method=GET Path=/admin/static/js/skins/ui/oxide/content.min.css SpendTime="0 ms" status=404
time="2022-01-26 14:45:38" level=info Agent="Mozilla/5.0 (Windows NT 10.0; Win64; x64) AppleWebKit/537.36 (KHTML, like Gecko) Chrome/97.0.4692.99 Safari/537.36" DataSize=189 HostName=LAPTOP-QBGCU5AD Ip="::1" Method=GET Path=/api/v1/category SpendTime="2 ms" status=200
time="2022-01-26 14:45:39" level=info Agent="Mozilla/5.0 (Windows NT 10.0; Win64; x64) AppleWebKit/537.36 (KHTML, like Gecko) Chrome/97.0.4692.99 Safari/537.36" DataSize=801 HostName=LAPTOP-QBGCU5AD Ip="::1" Method=GET Path=/api/v1/profile/1 SpendTime="2 ms" status=200
time="2022-01-26 14:45:40" level=info Agent="Mozilla/5.0 (Windows NT 10.0; Win64; x64) AppleWebKit/537.36 (KHTML, like Gecko) Chrome/97.0.4692.99 Safari/537.36" DataSize=1365 HostName=LAPTOP-QBGCU5AD Ip="::1" Method=POST Path=/api/v1/users SpendTime="2 ms" status=200
time="2022-01-26 14:45:40" level=info Agent="Mozilla/5.0 (Windows NT 10.0; Win64; x64) AppleWebKit/537.36 (KHTML, like Gecko) Chrome/97.0.4692.99 Safari/537.36" DataSize=189 HostName=LAPTOP-QBGCU5AD Ip="::1" Method=GET Path=/api/v1/category SpendTime="3 ms" status=200
time="2022-01-26 14:45:41" level=info Agent="Mozilla/5.0 (Windows NT 10.0; Win64; x64) AppleWebKit/537.36 (KHTML, like Gecko) Chrome/97.0.4692.99 Safari/537.36" DataSize=189 HostName=LAPTOP-QBGCU5AD Ip="::1" Method=GET Path=/api/v1/category SpendTime="3 ms" status=200
time="2022-01-26 14:45:41" level=info Agent="Mozilla/5.0 (Windows NT 10.0; Win64; x64) AppleWebKit/537.36 (KHTML, like Gecko) Chrome/97.0.4692.99 Safari/537.36" DataSize=27507 HostName=LAPTOP-QBGCU5AD Ip="::1" Method=POST Path=/api/v1/articles SpendTime="61 ms" status=200
time="2022-01-26 22:55:14" level=info Agent="Mozilla/5.0 (Windows NT 10.0; Win64; x64) AppleWebKit/537.36 (KHTML, like Gecko) Chrome/97.0.4692.99 Safari/537.36" DataSize=998 HostName=LAPTOP-QBGCU5AD Ip="::1" Method=GET Path=/admin SpendTime="2 ms" status=200
time="2022-01-26 22:55:14" level=info Agent="Mozilla/5.0 (Windows NT 10.0; Win64; x64) AppleWebKit/537.36 (KHTML, like Gecko) Chrome/97.0.4692.99 Safari/537.36" DataSize=0 HostName=LAPTOP-QBGCU5AD Ip="::1" Method=GET Path=/admin/static/css/app.5796e1e8.css SpendTime="0 ms" status=304
time="2022-01-26 22:55:14" level=info Agent="Mozilla/5.0 (Windows NT 10.0; Win64; x64) AppleWebKit/537.36 (KHTML, like Gecko) Chrome/97.0.4692.99 Safari/537.36" DataSize=0 HostName=LAPTOP-QBGCU5AD Ip="::1" Method=GET Path=/admin/static/css/chunk-vendors.34cdb930.css SpendTime="0 ms" status=304
time="2022-01-26 22:55:14" level=info Agent="Mozilla/5.0 (Windows NT 10.0; Win64; x64) AppleWebKit/537.36 (KHTML, like Gecko) Chrome/97.0.4692.99 Safari/537.36" DataSize=0 HostName=LAPTOP-QBGCU5AD Ip="::1" Method=GET Path=/admin/static/js/app.af17ae1c.js SpendTime="1 ms" status=304
time="2022-01-26 22:55:14" level=info Agent="Mozilla/5.0 (Windows NT 10.0; Win64; x64) AppleWebKit/537.36 (KHTML, like Gecko) Chrome/97.0.4692.99 Safari/537.36" DataSize=0 HostName=LAPTOP-QBGCU5AD Ip="::1" Method=GET Path=/admin/static/js/chunk-vendors.42f5fa21.js SpendTime="1 ms" status=304
time="2022-01-26 22:55:17" level=info Agent="Mozilla/5.0 (Windows NT 10.0; Win64; x64) AppleWebKit/537.36 (KHTML, like Gecko) Chrome/97.0.4692.99 Safari/537.36" DataSize=190 HostName=LAPTOP-QBGCU5AD Ip="::1" Method=POST Path=/api/v1/login SpendTime="58 ms" status=200
time="2022-01-26 22:55:22" level=info Agent="Mozilla/5.0 (Windows NT 10.0; Win64; x64) AppleWebKit/537.36 (KHTML, like Gecko) Chrome/97.0.4692.99 Safari/537.36" DataSize=2365666 HostName=LAPTOP-QBGCU5AD Ip="::1" Method=GET Path=/admin/static/js/app.af17ae1c.js.map SpendTime="95 ms" status=200
time="2022-01-26 22:55:22" level=info Agent="Mozilla/5.0 (Windows NT 10.0; Win64; x64) AppleWebKit/537.36 (KHTML, like Gecko) Chrome/97.0.4692.99 Safari/537.36" DataSize=4861832 HostName=LAPTOP-QBGCU5AD Ip="::1" Method=GET Path=/admin/static/js/chunk-vendors.42f5fa21.js.map SpendTime="105 ms" status=200
time="2022-01-26 22:55:25" level=info Agent="Mozilla/5.0 (Windows NT 10.0; Win64; x64) AppleWebKit/537.36 (KHTML, like Gecko) Chrome/97.0.4692.99 Safari/537.36" DataSize=1365 HostName=LAPTOP-QBGCU5AD Ip="::1" Method=POST Path=/api/v1/users SpendTime="5 ms" status=200
time="2022-01-26 22:55:26" level=info Agent="Mozilla/5.0 (Windows NT 10.0; Win64; x64) AppleWebKit/537.36 (KHTML, like Gecko) Chrome/97.0.4692.99 Safari/537.36" DataSize=801 HostName=LAPTOP-QBGCU5AD Ip="::1" Method=GET Path=/api/v1/profile/1 SpendTime="2 ms" status=200
time="2022-01-26 22:55:26" level=info Agent="Mozilla/5.0 (Windows NT 10.0; Win64; x64) AppleWebKit/537.36 (KHTML, like Gecko) Chrome/97.0.4692.99 Safari/537.36" DataSize=189 HostName=LAPTOP-QBGCU5AD Ip="::1" Method=GET Path=/api/v1/category SpendTime="5 ms" status=200
time="2022-01-26 22:55:36" level=warning Agent="Mozilla/5.0 (Windows NT 10.0; Win64; x64) AppleWebKit/537.36 (KHTML, like Gecko) Chrome/97.0.4692.99 Safari/537.36" DataSize=0 HostName=LAPTOP-QBGCU5AD Ip="::1" Method=GET Path=/front SpendTime="0 ms" status=404
time="2022-01-26 22:55:36" level=warning Agent="Mozilla/5.0 (Windows NT 10.0; Win64; x64) AppleWebKit/537.36 (KHTML, like Gecko) Chrome/97.0.4692.99 Safari/537.36" DataSize=0 HostName=LAPTOP-QBGCU5AD Ip="::1" Method=GET Path=/favicon.ico SpendTime="0 ms" status=404
time="2022-01-26 23:03:02" level=warning Agent="Mozilla/5.0 (Windows NT 10.0; Win64; x64) AppleWebKit/537.36 (KHTML, like Gecko) Chrome/97.0.4692.99 Safari/537.36" DataSize=0 HostName=LAPTOP-QBGCU5AD Ip="::1" Method=GET Path=/admin/static/js/app.af17ae1c.js.map SpendTime="0 ms" status=404
time="2022-01-26 23:03:02" level=info Agent="Mozilla/5.0 (Windows NT 10.0; Win64; x64) AppleWebKit/537.36 (KHTML, like Gecko) Chrome/97.0.4692.99 Safari/537.36" DataSize=4861832 HostName=LAPTOP-QBGCU5AD Ip="::1" Method=GET Path=/admin/static/js/chunk-vendors.42f5fa21.js.map SpendTime="21 ms" status=200
time="2022-01-26 23:03:05" level=warning Agent="Mozilla/5.0 (Windows NT 10.0; Win64; x64) AppleWebKit/537.36 (KHTML, like Gecko) Chrome/97.0.4692.99 Safari/537.36" DataSize=0 HostName=LAPTOP-QBGCU5AD Ip="::1" Method=GET Path=/admin/static/js/app.af17ae1c.js.map SpendTime="0 ms" status=404
time="2022-01-26 23:03:05" level=info Agent="Mozilla/5.0 (Windows NT 10.0; Win64; x64) AppleWebKit/537.36 (KHTML, like Gecko) Chrome/97.0.4692.99 Safari/537.36" DataSize=4861832 HostName=LAPTOP-QBGCU5AD Ip="::1" Method=GET Path=/admin/static/js/chunk-vendors.42f5fa21.js.map SpendTime="7 ms" status=200
time="2022-01-26 23:03:06" level=info Agent="Mozilla/5.0 (Windows NT 10.0; Win64; x64) AppleWebKit/537.36 (KHTML, like Gecko) Chrome/97.0.4692.99 Safari/537.36" DataSize=998 HostName=LAPTOP-QBGCU5AD Ip="::1" Method=GET Path=/admin SpendTime="0 ms" status=200
time="2022-01-26 23:03:06" level=info Agent="Mozilla/5.0 (Windows NT 10.0; Win64; x64) AppleWebKit/537.36 (KHTML, like Gecko) Chrome/97.0.4692.99 Safari/537.36" DataSize=1028499 HostName=LAPTOP-QBGCU5AD Ip="::1" Method=GET Path=/admin/static/js/app.536db94b.js SpendTime="2 ms" status=200
time="2022-01-26 23:03:06" level=info Agent="Mozilla/5.0 (Windows NT 10.0; Win64; x64) AppleWebKit/537.36 (KHTML, like Gecko) Chrome/97.0.4692.99 Safari/537.36" DataSize=4861832 HostName=LAPTOP-QBGCU5AD Ip="::1" Method=GET Path=/admin/static/js/chunk-vendors.42f5fa21.js.map SpendTime="7 ms" status=200
time="2022-01-26 23:03:06" level=info Agent="Mozilla/5.0 (Windows NT 10.0; Win64; x64) AppleWebKit/537.36 (KHTML, like Gecko) Chrome/97.0.4692.99 Safari/537.36" DataSize=2365671 HostName=LAPTOP-QBGCU5AD Ip="::1" Method=GET Path=/admin/static/js/app.536db94b.js.map SpendTime="2 ms" status=200
time="2022-01-26 23:03:06" level=info Agent="Mozilla/5.0 (Windows NT 10.0; Win64; x64) AppleWebKit/537.36 (KHTML, like Gecko) Chrome/97.0.4692.99 Safari/537.36" DataSize=4286 HostName=LAPTOP-QBGCU5AD Ip="::1" Method=GET Path=/admin/favicon.ico SpendTime="4 ms" status=200
time="2022-01-26 23:03:08" level=info Agent="Mozilla/5.0 (Windows NT 10.0; Win64; x64) AppleWebKit/537.36 (KHTML, like Gecko) Chrome/97.0.4692.99 Safari/537.36" DataSize=998 HostName=LAPTOP-QBGCU5AD Ip="::1" Method=GET Path=/admin SpendTime="0 ms" status=200
time="2022-01-26 23:03:08" level=info Agent="Mozilla/5.0 (Windows NT 10.0; Win64; x64) AppleWebKit/537.36 (KHTML, like Gecko) Chrome/97.0.4692.99 Safari/537.36" DataSize=4861832 HostName=LAPTOP-QBGCU5AD Ip="::1" Method=GET Path=/admin/static/js/chunk-vendors.42f5fa21.js.map SpendTime="5 ms" status=200
time="2022-01-26 23:03:08" level=info Agent="Mozilla/5.0 (Windows NT 10.0; Win64; x64) AppleWebKit/537.36 (KHTML, like Gecko) Chrome/97.0.4692.99 Safari/537.36" DataSize=2365671 HostName=LAPTOP-QBGCU5AD Ip="::1" Method=GET Path=/admin/static/js/app.536db94b.js.map SpendTime="2 ms" status=200
time="2022-01-26 23:03:09" level=info Agent="Mozilla/5.0 (Windows NT 10.0; Win64; x64) AppleWebKit/537.36 (KHTML, like Gecko) Chrome/97.0.4692.99 Safari/537.36" DataSize=998 HostName=LAPTOP-QBGCU5AD Ip="::1" Method=GET Path=/admin SpendTime="0 ms" status=200
time="2022-01-26 23:03:09" level=info Agent="Mozilla/5.0 (Windows NT 10.0; Win64; x64) AppleWebKit/537.36 (KHTML, like Gecko) Chrome/97.0.4692.99 Safari/537.36" DataSize=2365671 HostName=LAPTOP-QBGCU5AD Ip="::1" Method=GET Path=/admin/static/js/app.536db94b.js.map SpendTime="3 ms" status=200
time="2022-01-26 23:03:09" level=info Agent="Mozilla/5.0 (Windows NT 10.0; Win64; x64) AppleWebKit/537.36 (KHTML, like Gecko) Chrome/97.0.4692.99 Safari/537.36" DataSize=4861832 HostName=LAPTOP-QBGCU5AD Ip="::1" Method=GET Path=/admin/static/js/chunk-vendors.42f5fa21.js.map SpendTime="10 ms" status=200
time="2022-01-26 23:03:10" level=info Agent="Mozilla/5.0 (Windows NT 10.0; Win64; x64) AppleWebKit/537.36 (KHTML, like Gecko) Chrome/97.0.4692.99 Safari/537.36" DataSize=998 HostName=LAPTOP-QBGCU5AD Ip="::1" Method=GET Path=/admin SpendTime="0 ms" status=200
time="2022-01-26 23:03:10" level=info Agent="Mozilla/5.0 (Windows NT 10.0; Win64; x64) AppleWebKit/537.36 (KHTML, like Gecko) Chrome/97.0.4692.99 Safari/537.36" DataSize=4861832 HostName=LAPTOP-QBGCU5AD Ip="::1" Method=GET Path=/admin/static/js/chunk-vendors.42f5fa21.js.map SpendTime="3 ms" status=200
time="2022-01-26 23:03:10" level=info Agent="Mozilla/5.0 (Windows NT 10.0; Win64; x64) AppleWebKit/537.36 (KHTML, like Gecko) Chrome/97.0.4692.99 Safari/537.36" DataSize=2365671 HostName=LAPTOP-QBGCU5AD Ip="::1" Method=GET Path=/admin/static/js/app.536db94b.js.map SpendTime="4 ms" status=200
