time="2022-01-19 23:04:22" level=warning Agent="Mozilla/5.0 (Linux; Android 6.0; Nexus 5 Build/MRA58N) AppleWebKit/537.36 (KHTML, like Gecko) Chrome/95.0.4638.69 Mobile Safari/537.36" DataSize=0 HostName=LAPTOP-QBGCU5AD Ip="::1" Method=OPTIONS Path=/api/v1/login SpendTime="0 ms" status=404
time="2022-01-19 23:13:42" level=info Agent="Mozilla/5.0 (Linux; Android 6.0; Nexus 5 Build/MRA58N) AppleWebKit/537.36 (KHTML, like Gecko) Chrome/95.0.4638.69 Mobile Safari/537.36" DataSize=0 HostName=LAPTOP-QBGCU5AD Ip="::1" Method=OPTIONS Path=/api/v1/login SpendTime="0 ms" status=204
time="2022-01-19 23:13:42" level=info Agent="Mozilla/5.0 (Linux; Android 6.0; Nexus 5 Build/MRA58N) AppleWebKit/537.36 (KHTML, like Gecko) Chrome/95.0.4638.69 Mobile Safari/537.36" DataSize=52 HostName=LAPTOP-QBGCU5AD Ip="::1" Method=POST Path=/api/v1/login SpendTime="56 ms" status=200
time="2022-01-19 23:13:43" level=info Agent="Mozilla/5.0 (Linux; Android 6.0; Nexus 5 Build/MRA58N) AppleWebKit/537.36 (KHTML, like Gecko) Chrome/95.0.4638.69 Mobile Safari/537.36" DataSize=52 HostName=LAPTOP-QBGCU5AD Ip="::1" Method=POST Path=/api/v1/login SpendTime="51 ms" status=200
time="2022-01-19 23:13:47" level=info Agent="Mozilla/5.0 (Linux; Android 6.0; Nexus 5 Build/MRA58N) AppleWebKit/537.36 (KHTML, like Gecko) Chrome/95.0.4638.69 Mobile Safari/537.36" DataSize=52 HostName=LAPTOP-QBGCU5AD Ip="::1" Method=POST Path=/api/v1/login SpendTime="52 ms" status=200
time="2022-01-19 23:13:48" level=info Agent="Mozilla/5.0 (Linux; Android 6.0; Nexus 5 Build/MRA58N) AppleWebKit/537.36 (KHTML, like Gecko) Chrome/95.0.4638.69 Mobile Safari/537.36" DataSize=52 HostName=LAPTOP-QBGCU5AD Ip="::1" Method=POST Path=/api/v1/login SpendTime="49 ms" status=200
time="2022-01-19 23:14:36" level=info Agent="Mozilla/5.0 (Linux; Android 6.0; Nexus 5 Build/MRA58N) AppleWebKit/537.36 (KHTML, like Gecko) Chrome/95.0.4638.69 Mobile Safari/537.36" DataSize=52 HostName=LAPTOP-QBGCU5AD Ip="::1" Method=POST Path=/api/v1/login SpendTime="59 ms" status=200
time="2022-01-19 23:14:37" level=info Agent="Mozilla/5.0 (Linux; Android 6.0; Nexus 5 Build/MRA58N) AppleWebKit/537.36 (KHTML, like Gecko) Chrome/95.0.4638.69 Mobile Safari/537.36" DataSize=52 HostName=LAPTOP-QBGCU5AD Ip="::1" Method=POST Path=/api/v1/login SpendTime="44 ms" status=200
time="2022-01-19 23:14:37" level=info Agent="Mozilla/5.0 (Linux; Android 6.0; Nexus 5 Build/MRA58N) AppleWebKit/537.36 (KHTML, like Gecko) Chrome/95.0.4638.69 Mobile Safari/537.36" DataSize=52 HostName=LAPTOP-QBGCU5AD Ip="::1" Method=POST Path=/api/v1/login SpendTime="57 ms" status=200
time="2022-01-19 23:14:38" level=info Agent="Mozilla/5.0 (Linux; Android 6.0; Nexus 5 Build/MRA58N) AppleWebKit/537.36 (KHTML, like Gecko) Chrome/95.0.4638.69 Mobile Safari/537.36" DataSize=52 HostName=LAPTOP-QBGCU5AD Ip="::1" Method=POST Path=/api/v1/login SpendTime="54 ms" status=200
time="2022-01-19 23:14:48" level=info Agent="Mozilla/5.0 (Linux; Android 6.0; Nexus 5 Build/MRA58N) AppleWebKit/537.36 (KHTML, like Gecko) Chrome/95.0.4638.69 Mobile Safari/537.36" DataSize=52 HostName=LAPTOP-QBGCU5AD Ip="::1" Method=POST Path=/api/v1/login SpendTime="51 ms" status=200
time="2022-01-19 23:25:55" level=info Agent="ApiPOST Runtime +https://www.apipost.cn" DataSize=47 HostName=LAPTOP-QBGCU5AD Ip=127.0.0.1 Method=POST Path=/api/v1/register SpendTime="9 ms" status=200
time="2022-01-19 23:26:23" level=info Agent="ApiPOST Runtime +https://www.apipost.cn" DataSize=27 HostName=LAPTOP-QBGCU5AD Ip=127.0.0.1 Method=POST Path=/api/v1/register SpendTime="7373 ms" status=200
time="2022-01-19 23:29:52" level=warning Agent="ApiPOST Runtime +https://www.apipost.cn" DataSize=0 HostName=LAPTOP-QBGCU5AD Ip=127.0.0.1 Method=POST Path="/api/v1/active?code=2effbcf6-55f8-47a7-ace9-668bf5735ca0" SpendTime="0 ms" status=404
time="2022-01-19 23:30:04" level=warning Agent="ApiPOST Runtime +https://www.apipost.cn" DataSize=0 HostName=LAPTOP-QBGCU5AD Ip=127.0.0.1 Method=POST Path="/api/v1/active?code=2effbcf6-55f8-47a7-ace9-668bf5735ca0" SpendTime="0 ms" status=404
time="2022-01-19 23:30:25" level=info Agent="ApiPOST Runtime +https://www.apipost.cn" DataSize=29 HostName=LAPTOP-QBGCU5AD Ip=127.0.0.1 Method=GET Path="/api/v1/sendemail?email=1685290935@qq.com" SpendTime="4167 ms" status=200
time="2022-01-19 23:32:29" level=warning Agent="ApiPOST Runtime +https://www.apipost.cn" DataSize=0 HostName=LAPTOP-QBGCU5AD Ip=127.0.0.1 Method=POST Path="/api/v1/active?code=2effbcf6-55f8-47a7-ace9-668bf5735ca0" SpendTime="0 ms" status=404
time="2022-01-19 23:33:21" level=warning Agent="ApiPOST Runtime +https://www.apipost.cn" DataSize=0 HostName=LAPTOP-QBGCU5AD Ip=127.0.0.1 Method=POST Path="/api/v1/active?code=e00c7bc5-0024-45e0-8e20-4bf1218aca43" SpendTime="0 ms" status=404
time="2022-01-19 23:47:16" level=info Agent="ApiPOST Runtime +https://www.apipost.cn" DataSize=29 HostName=LAPTOP-QBGCU5AD Ip=127.0.0.1 Method=GET Path="/api/v1/sendemail?email=1685290935@qq.com" SpendTime="3953 ms" status=200
time="2022-01-19 23:49:38" level=info Agent="Mozilla/5.0 (Windows NT 10.0; Win64; x64) AppleWebKit/537.36 (KHTML, like Gecko) Chrome/95.0.4638.69 Safari/537.36" DataSize=27 HostName=LAPTOP-QBGCU5AD Ip="::1" Method=GET Path="/api/v1/active?code=e00c7bc5-0024-45e0-8e20-4bf1218aca43" SpendTime="21 ms" status=200
time="2022-01-19 23:49:38" level=warning Agent="Mozilla/5.0 (Windows NT 10.0; Win64; x64) AppleWebKit/537.36 (KHTML, like Gecko) Chrome/95.0.4638.69 Safari/537.36" DataSize=0 HostName=LAPTOP-QBGCU5AD Ip="::1" Method=GET Path=/favicon.ico SpendTime="0 ms" status=404
time="2022-01-19 23:50:07" level=info Agent="Mozilla/5.0 (Linux; Android 6.0; Nexus 5 Build/MRA58N) AppleWebKit/537.36 (KHTML, like Gecko) Chrome/95.0.4638.69 Mobile Safari/537.36" DataSize=190 HostName=LAPTOP-QBGCU5AD Ip="::1" Method=POST Path=/api/v1/login SpendTime="56 ms" status=200
time="2022-01-19 23:50:09" level=info Agent="Mozilla/5.0 (Linux; Android 6.0; Nexus 5 Build/MRA58N) AppleWebKit/537.36 (KHTML, like Gecko) Chrome/95.0.4638.69 Mobile Safari/537.36" DataSize=190 HostName=LAPTOP-QBGCU5AD Ip="::1" Method=POST Path=/api/v1/login SpendTime="50 ms" status=200
time="2022-01-19 23:50:10" level=info Agent="Mozilla/5.0 (Linux; Android 6.0; Nexus 5 Build/MRA58N) AppleWebKit/537.36 (KHTML, like Gecko) Chrome/95.0.4638.69 Mobile Safari/537.36" DataSize=190 HostName=LAPTOP-QBGCU5AD Ip="::1" Method=POST Path=/api/v1/login SpendTime="54 ms" status=200
time="2022-01-19 23:50:11" level=info Agent="Mozilla/5.0 (Linux; Android 6.0; Nexus 5 Build/MRA58N) AppleWebKit/537.36 (KHTML, like Gecko) Chrome/95.0.4638.69 Mobile Safari/537.36" DataSize=190 HostName=LAPTOP-QBGCU5AD Ip="::1" Method=POST Path=/api/v1/login SpendTime="51 ms" status=200
time="2022-01-19 23:50:11" level=info Agent="Mozilla/5.0 (Linux; Android 6.0; Nexus 5 Build/MRA58N) AppleWebKit/537.36 (KHTML, like Gecko) Chrome/95.0.4638.69 Mobile Safari/537.36" DataSize=190 HostName=LAPTOP-QBGCU5AD Ip="::1" Method=POST Path=/api/v1/login SpendTime="48 ms" status=200
time="2022-01-19 23:50:12" level=info Agent="Mozilla/5.0 (Linux; Android 6.0; Nexus 5 Build/MRA58N) AppleWebKit/537.36 (KHTML, like Gecko) Chrome/95.0.4638.69 Mobile Safari/537.36" DataSize=190 HostName=LAPTOP-QBGCU5AD Ip="::1" Method=POST Path=/api/v1/login SpendTime="49 ms" status=200
time="2022-01-19 23:50:12" level=info Agent="Mozilla/5.0 (Linux; Android 6.0; Nexus 5 Build/MRA58N) AppleWebKit/537.36 (KHTML, like Gecko) Chrome/95.0.4638.69 Mobile Safari/537.36" DataSize=190 HostName=LAPTOP-QBGCU5AD Ip="::1" Method=POST Path=/api/v1/login SpendTime="46 ms" status=200
time="2022-01-19 23:50:13" level=info Agent="Mozilla/5.0 (Linux; Android 6.0; Nexus 5 Build/MRA58N) AppleWebKit/537.36 (KHTML, like Gecko) Chrome/95.0.4638.69 Mobile Safari/537.36" DataSize=190 HostName=LAPTOP-QBGCU5AD Ip="::1" Method=POST Path=/api/v1/login SpendTime="45 ms" status=200
time="2022-01-19 23:50:13" level=info Agent="Mozilla/5.0 (Linux; Android 6.0; Nexus 5 Build/MRA58N) AppleWebKit/537.36 (KHTML, like Gecko) Chrome/95.0.4638.69 Mobile Safari/537.36" DataSize=190 HostName=LAPTOP-QBGCU5AD Ip="::1" Method=POST Path=/api/v1/login SpendTime="48 ms" status=200
time="2022-01-19 23:50:13" level=info Agent="Mozilla/5.0 (Linux; Android 6.0; Nexus 5 Build/MRA58N) AppleWebKit/537.36 (KHTML, like Gecko) Chrome/95.0.4638.69 Mobile Safari/537.36" DataSize=190 HostName=LAPTOP-QBGCU5AD Ip="::1" Method=POST Path=/api/v1/login SpendTime="52 ms" status=200
time="2022-01-19 23:50:13" level=info Agent="Mozilla/5.0 (Linux; Android 6.0; Nexus 5 Build/MRA58N) AppleWebKit/537.36 (KHTML, like Gecko) Chrome/95.0.4638.69 Mobile Safari/537.36" DataSize=190 HostName=LAPTOP-QBGCU5AD Ip="::1" Method=POST Path=/api/v1/login SpendTime="44 ms" status=200
time="2022-01-19 23:50:14" level=info Agent="Mozilla/5.0 (Linux; Android 6.0; Nexus 5 Build/MRA58N) AppleWebKit/537.36 (KHTML, like Gecko) Chrome/95.0.4638.69 Mobile Safari/537.36" DataSize=190 HostName=LAPTOP-QBGCU5AD Ip="::1" Method=POST Path=/api/v1/login SpendTime="47 ms" status=200
time="2022-01-19 23:50:14" level=info Agent="Mozilla/5.0 (Linux; Android 6.0; Nexus 5 Build/MRA58N) AppleWebKit/537.36 (KHTML, like Gecko) Chrome/95.0.4638.69 Mobile Safari/537.36" DataSize=190 HostName=LAPTOP-QBGCU5AD Ip="::1" Method=POST Path=/api/v1/login SpendTime="47 ms" status=200
time="2022-01-19 23:50:14" level=info Agent="Mozilla/5.0 (Linux; Android 6.0; Nexus 5 Build/MRA58N) AppleWebKit/537.36 (KHTML, like Gecko) Chrome/95.0.4638.69 Mobile Safari/537.36" DataSize=190 HostName=LAPTOP-QBGCU5AD Ip="::1" Method=POST Path=/api/v1/login SpendTime="46 ms" status=200
time="2022-01-19 23:50:14" level=info Agent="Mozilla/5.0 (Linux; Android 6.0; Nexus 5 Build/MRA58N) AppleWebKit/537.36 (KHTML, like Gecko) Chrome/95.0.4638.69 Mobile Safari/537.36" DataSize=190 HostName=LAPTOP-QBGCU5AD Ip="::1" Method=POST Path=/api/v1/login SpendTime="44 ms" status=200
time="2022-01-19 23:50:14" level=info Agent="Mozilla/5.0 (Linux; Android 6.0; Nexus 5 Build/MRA58N) AppleWebKit/537.36 (KHTML, like Gecko) Chrome/95.0.4638.69 Mobile Safari/537.36" DataSize=190 HostName=LAPTOP-QBGCU5AD Ip="::1" Method=POST Path=/api/v1/login SpendTime="46 ms" status=200
time="2022-01-19 23:50:15" level=info Agent="Mozilla/5.0 (Linux; Android 6.0; Nexus 5 Build/MRA58N) AppleWebKit/537.36 (KHTML, like Gecko) Chrome/95.0.4638.69 Mobile Safari/537.36" DataSize=190 HostName=LAPTOP-QBGCU5AD Ip="::1" Method=POST Path=/api/v1/login SpendTime="49 ms" status=200
time="2022-01-19 23:50:15" level=info Agent="Mozilla/5.0 (Linux; Android 6.0; Nexus 5 Build/MRA58N) AppleWebKit/537.36 (KHTML, like Gecko) Chrome/95.0.4638.69 Mobile Safari/537.36" DataSize=190 HostName=LAPTOP-QBGCU5AD Ip="::1" Method=POST Path=/api/v1/login SpendTime="47 ms" status=200
time="2022-01-19 23:50:15" level=info Agent="Mozilla/5.0 (Linux; Android 6.0; Nexus 5 Build/MRA58N) AppleWebKit/537.36 (KHTML, like Gecko) Chrome/95.0.4638.69 Mobile Safari/537.36" DataSize=190 HostName=LAPTOP-QBGCU5AD Ip="::1" Method=POST Path=/api/v1/login SpendTime="46 ms" status=200
time="2022-01-19 23:50:16" level=info Agent="Mozilla/5.0 (Linux; Android 6.0; Nexus 5 Build/MRA58N) AppleWebKit/537.36 (KHTML, like Gecko) Chrome/95.0.4638.69 Mobile Safari/537.36" DataSize=190 HostName=LAPTOP-QBGCU5AD Ip="::1" Method=POST Path=/api/v1/login SpendTime="45 ms" status=200
time="2022-01-19 23:50:16" level=info Agent="Mozilla/5.0 (Linux; Android 6.0; Nexus 5 Build/MRA58N) AppleWebKit/537.36 (KHTML, like Gecko) Chrome/95.0.4638.69 Mobile Safari/537.36" DataSize=190 HostName=LAPTOP-QBGCU5AD Ip="::1" Method=POST Path=/api/v1/login SpendTime="46 ms" status=200
time="2022-01-19 23:50:16" level=info Agent="Mozilla/5.0 (Linux; Android 6.0; Nexus 5 Build/MRA58N) AppleWebKit/537.36 (KHTML, like Gecko) Chrome/95.0.4638.69 Mobile Safari/537.36" DataSize=190 HostName=LAPTOP-QBGCU5AD Ip="::1" Method=POST Path=/api/v1/login SpendTime="48 ms" status=200
time="2022-01-19 23:50:16" level=info Agent="Mozilla/5.0 (Linux; Android 6.0; Nexus 5 Build/MRA58N) AppleWebKit/537.36 (KHTML, like Gecko) Chrome/95.0.4638.69 Mobile Safari/537.36" DataSize=190 HostName=LAPTOP-QBGCU5AD Ip="::1" Method=POST Path=/api/v1/login SpendTime="46 ms" status=200
time="2022-01-19 23:50:16" level=info Agent="Mozilla/5.0 (Linux; Android 6.0; Nexus 5 Build/MRA58N) AppleWebKit/537.36 (KHTML, like Gecko) Chrome/95.0.4638.69 Mobile Safari/537.36" DataSize=190 HostName=LAPTOP-QBGCU5AD Ip="::1" Method=POST Path=/api/v1/login SpendTime="48 ms" status=200
time="2022-01-19 23:50:17" level=info Agent="Mozilla/5.0 (Linux; Android 6.0; Nexus 5 Build/MRA58N) AppleWebKit/537.36 (KHTML, like Gecko) Chrome/95.0.4638.69 Mobile Safari/537.36" DataSize=190 HostName=LAPTOP-QBGCU5AD Ip="::1" Method=POST Path=/api/v1/login SpendTime="48 ms" status=200
time="2022-01-19 23:50:17" level=info Agent="Mozilla/5.0 (Linux; Android 6.0; Nexus 5 Build/MRA58N) AppleWebKit/537.36 (KHTML, like Gecko) Chrome/95.0.4638.69 Mobile Safari/537.36" DataSize=190 HostName=LAPTOP-QBGCU5AD Ip="::1" Method=POST Path=/api/v1/login SpendTime="53 ms" status=200
time="2022-01-19 23:50:17" level=info Agent="Mozilla/5.0 (Linux; Android 6.0; Nexus 5 Build/MRA58N) AppleWebKit/537.36 (KHTML, like Gecko) Chrome/95.0.4638.69 Mobile Safari/537.36" DataSize=190 HostName=LAPTOP-QBGCU5AD Ip="::1" Method=POST Path=/api/v1/login SpendTime="47 ms" status=200
time="2022-01-19 23:50:17" level=info Agent="Mozilla/5.0 (Linux; Android 6.0; Nexus 5 Build/MRA58N) AppleWebKit/537.36 (KHTML, like Gecko) Chrome/95.0.4638.69 Mobile Safari/537.36" DataSize=190 HostName=LAPTOP-QBGCU5AD Ip="::1" Method=POST Path=/api/v1/login SpendTime="48 ms" status=200
time="2022-01-19 23:50:18" level=info Agent="Mozilla/5.0 (Linux; Android 6.0; Nexus 5 Build/MRA58N) AppleWebKit/537.36 (KHTML, like Gecko) Chrome/95.0.4638.69 Mobile Safari/537.36" DataSize=190 HostName=LAPTOP-QBGCU5AD Ip="::1" Method=POST Path=/api/v1/login SpendTime="50 ms" status=200
time="2022-01-19 23:50:18" level=info Agent="Mozilla/5.0 (Linux; Android 6.0; Nexus 5 Build/MRA58N) AppleWebKit/537.36 (KHTML, like Gecko) Chrome/95.0.4638.69 Mobile Safari/537.36" DataSize=190 HostName=LAPTOP-QBGCU5AD Ip="::1" Method=POST Path=/api/v1/login SpendTime="51 ms" status=200
time="2022-01-19 23:55:13" level=info Agent="Mozilla/5.0 (Linux; Android 6.0; Nexus 5 Build/MRA58N) AppleWebKit/537.36 (KHTML, like Gecko) Chrome/95.0.4638.69 Mobile Safari/537.36" DataSize=190 HostName=LAPTOP-QBGCU5AD Ip="::1" Method=POST Path=/api/v1/login SpendTime="55 ms" status=200
